{"uuid":"5a7e1ffb-c379-40d6-a51e-fede7272a83f","historyId":"b23bf511a54a815612871885d83b9e23","fullName":"Trigger GET and POST: Verify the response code for GET and POST","labels":[{"name":"tag","value":"APItest"},{"name":"host","value":"LAPTOP-IDB7RV6C"},{"name":"thread","value":"15812@LAPTOP-IDB7RV6C.main(1)"},{"name":"feature","value":"Trigger GET and POST"},{"name":"story","value":"Verify the response code for GET and POST"},{"name":"suite","value":"Trigger GET and POST"},{"name":"testClass","value":"Verify the response code for GET and POST"},{"name":"framework","value":"cucumber4jvm"},{"name":"language","value":"java"},{"name":"gherkin_uri","value":"file:///C:/Users/Dra%20Nallely%20Corona/eclipse-workspace/APITesting/src/test/resources/features/APITesting.feature"},{"name":"package","value":"src.test.resources.features.APITesting_feature.Trigger GET and POST"}],"links":[],"name":"Verify the response code for GET and POST","status":"broken","statusDetails":{"known":false,"muted":false,"flaky":false,"message":"java.net.MalformedURLException: Cannot invoke \"String.length()\" because \"spec\" is null","trace":"java.lang.RuntimeException: java.net.MalformedURLException: Cannot invoke \"String.length()\" because \"spec\" is null\r\n\tat com.mashape.unirest.http.HttpClientHelper.prepareRequest(HttpClientHelper.java:183)\r\n\tat com.mashape.unirest.http.HttpClientHelper.request(HttpClientHelper.java:131)\r\n\tat com.mashape.unirest.request.BaseRequest.asJson(BaseRequest.java:68)\r\n\tat com.api.step_definition.APITestingGET.trigger_the_GET_request(APITestingGET.java:30)\r\n\tat ✽.trigger the GET request(file:///C:/Users/Dra%20Nallely%20Corona/eclipse-workspace/APITesting/src/test/resources/features/APITesting.feature:7)\r\nCaused by: java.net.MalformedURLException: Cannot invoke \"String.length()\" because \"spec\" is null\r\n\tat java.base/java.net.URL.<init>(URL.java:708)\r\n\tat java.base/java.net.URL.<init>(URL.java:569)\r\n\tat java.base/java.net.URL.<init>(URL.java:516)\r\n\tat com.mashape.unirest.http.HttpClientHelper.prepareRequest(HttpClientHelper.java:171)\r\n\tat com.mashape.unirest.http.HttpClientHelper.request(HttpClientHelper.java:131)\r\n\tat com.mashape.unirest.request.BaseRequest.asJson(BaseRequest.java:68)\r\n\tat com.api.step_definition.APITestingGET.trigger_the_GET_request(APITestingGET.java:30)\r\n\tat java.base/jdk.internal.reflect.NativeMethodAccessorImpl.invoke0(Native Method)\r\n\tat java.base/jdk.internal.reflect.NativeMethodAccessorImpl.invoke(NativeMethodAccessorImpl.java:77)\r\n\tat java.base/jdk.internal.reflect.DelegatingMethodAccessorImpl.invoke(DelegatingMethodAccessorImpl.java:43)\r\n\tat java.base/java.lang.reflect.Method.invoke(Method.java:568)\r\n\tat io.cucumber.java.Invoker.doInvoke(Invoker.java:66)\r\n\tat io.cucumber.java.Invoker.invoke(Invoker.java:24)\r\n\tat io.cucumber.java.AbstractGlueDefinition.invokeMethod(AbstractGlueDefinition.java:47)\r\n\tat io.cucumber.java.JavaStepDefinition.execute(JavaStepDefinition.java:29)\r\n\tat io.cucumber.core.runner.CoreStepDefinition.execute(CoreStepDefinition.java:66)\r\n\tat io.cucumber.core.runner.PickleStepDefinitionMatch.runStep(PickleStepDefinitionMatch.java:63)\r\n\tat io.cucumber.core.runner.ExecutionMode$1.execute(ExecutionMode.java:10)\r\n\tat io.cucumber.core.runner.TestStep.executeStep(TestStep.java:85)\r\n\tat io.cucumber.core.runner.TestStep.run(TestStep.java:57)\r\n\tat io.cucumber.core.runner.PickleStepTestStep.run(PickleStepTestStep.java:51)\r\n\tat io.cucumber.core.runner.TestCase.run(TestCase.java:84)\r\n\tat io.cucumber.core.runner.Runner.runPickle(Runner.java:75)\r\n\tat io.cucumber.junit.PickleRunners$NoStepDescriptions.lambda$run$0(PickleRunners.java:151)\r\n\tat io.cucumber.core.runtime.CucumberExecutionContext.lambda$runTestCase$5(CucumberExecutionContext.java:129)\r\n\tat io.cucumber.core.runtime.RethrowingThrowableCollector.executeAndThrow(RethrowingThrowableCollector.java:23)\r\n\tat io.cucumber.core.runtime.CucumberExecutionContext.runTestCase(CucumberExecutionContext.java:129)\r\n\tat io.cucumber.junit.PickleRunners$NoStepDescriptions.run(PickleRunners.java:148)\r\n\tat io.cucumber.junit.FeatureRunner.runChild(FeatureRunner.java:144)\r\n\tat io.cucumber.junit.FeatureRunner.runChild(FeatureRunner.java:28)\r\n\tat org.junit.runners.ParentRunner$3.run(ParentRunner.java:238)\r\n\tat org.junit.runners.ParentRunner$1.schedule(ParentRunner.java:63)\r\n\tat org.junit.runners.ParentRunner.runChildren(ParentRunner.java:236)\r\n\tat org.junit.runners.ParentRunner.access$000(ParentRunner.java:53)\r\n\tat org.junit.runners.ParentRunner$2.evaluate(ParentRunner.java:229)\r\n\tat org.junit.runners.ParentRunner.run(ParentRunner.java:309)\r\n\tat io.cucumber.junit.FeatureRunner.run(FeatureRunner.java:137)\r\n\tat io.cucumber.junit.Cucumber.runChild(Cucumber.java:196)\r\n\tat io.cucumber.junit.Cucumber.runChild(Cucumber.java:89)\r\n\tat org.junit.runners.ParentRunner$3.run(ParentRunner.java:238)\r\n\tat org.junit.runners.ParentRunner$1.schedule(ParentRunner.java:63)\r\n\tat org.junit.runners.ParentRunner.runChildren(ParentRunner.java:236)\r\n\tat org.junit.runners.ParentRunner.access$000(ParentRunner.java:53)\r\n\tat org.junit.runners.ParentRunner$2.evaluate(ParentRunner.java:229)\r\n\tat io.cucumber.junit.Cucumber$RunBeforeAllHooks.evaluate(Cucumber.java:266)\r\n\tat io.cucumber.junit.Cucumber$RunAfterAllHooks.evaluate(Cucumber.java:281)\r\n\tat io.cucumber.junit.Cucumber$StartTestRun.evaluate(Cucumber.java:233)\r\n\tat io.cucumber.junit.Cucumber$FinishTestRun.evaluate(Cucumber.java:248)\r\n\tat org.junit.runners.ParentRunner.run(ParentRunner.java:309)\r\n\tat org.eclipse.jdt.internal.junit4.runner.JUnit4TestReference.run(JUnit4TestReference.java:93)\r\n\tat org.eclipse.jdt.internal.junit.runner.TestExecution.run(TestExecution.java:40)\r\n\tat org.eclipse.jdt.internal.junit.runner.RemoteTestRunner.runTests(RemoteTestRunner.java:529)\r\n\tat org.eclipse.jdt.internal.junit.runner.RemoteTestRunner.runTests(RemoteTestRunner.java:756)\r\n\tat org.eclipse.jdt.internal.junit.runner.RemoteTestRunner.run(RemoteTestRunner.java:452)\r\n\tat org.eclipse.jdt.internal.junit.runner.RemoteTestRunner.main(RemoteTestRunner.java:210)\r\nCaused by: java.lang.NullPointerException: Cannot invoke \"String.length()\" because \"spec\" is null\r\n\tat java.base/java.net.URL.<init>(URL.java:614)\r\n\t... 54 more\r\n"},"stage":"finished","steps":[{"name":"Given  the URL to perform API Testing","status":"passed","statusDetails":{"known":false,"muted":false,"flaky":false},"stage":"finished","steps":[],"attachments":[],"parameters":[],"start":1655415761063,"stop":1655415761069},{"name":"When  trigger the GET request","status":"broken","statusDetails":{"known":false,"muted":false,"flaky":false,"message":"java.net.MalformedURLException: Cannot invoke \"String.length()\" because \"spec\" is null","trace":"java.lang.RuntimeException: java.net.MalformedURLException: Cannot invoke \"String.length()\" because \"spec\" is null\r\n\tat com.mashape.unirest.http.HttpClientHelper.prepareRequest(HttpClientHelper.java:183)\r\n\tat com.mashape.unirest.http.HttpClientHelper.request(HttpClientHelper.java:131)\r\n\tat com.mashape.unirest.request.BaseRequest.asJson(BaseRequest.java:68)\r\n\tat com.api.step_definition.APITestingGET.trigger_the_GET_request(APITestingGET.java:30)\r\n\tat ✽.trigger the GET request(file:///C:/Users/Dra%20Nallely%20Corona/eclipse-workspace/APITesting/src/test/resources/features/APITesting.feature:7)\r\nCaused by: java.net.MalformedURLException: Cannot invoke \"String.length()\" because \"spec\" is null\r\n\tat java.base/java.net.URL.<init>(URL.java:708)\r\n\tat java.base/java.net.URL.<init>(URL.java:569)\r\n\tat java.base/java.net.URL.<init>(URL.java:516)\r\n\tat com.mashape.unirest.http.HttpClientHelper.prepareRequest(HttpClientHelper.java:171)\r\n\tat com.mashape.unirest.http.HttpClientHelper.request(HttpClientHelper.java:131)\r\n\tat com.mashape.unirest.request.BaseRequest.asJson(BaseRequest.java:68)\r\n\tat com.api.step_definition.APITestingGET.trigger_the_GET_request(APITestingGET.java:30)\r\n\tat java.base/jdk.internal.reflect.NativeMethodAccessorImpl.invoke0(Native Method)\r\n\tat java.base/jdk.internal.reflect.NativeMethodAccessorImpl.invoke(NativeMethodAccessorImpl.java:77)\r\n\tat java.base/jdk.internal.reflect.DelegatingMethodAccessorImpl.invoke(DelegatingMethodAccessorImpl.java:43)\r\n\tat java.base/java.lang.reflect.Method.invoke(Method.java:568)\r\n\tat io.cucumber.java.Invoker.doInvoke(Invoker.java:66)\r\n\tat io.cucumber.java.Invoker.invoke(Invoker.java:24)\r\n\tat io.cucumber.java.AbstractGlueDefinition.invokeMethod(AbstractGlueDefinition.java:47)\r\n\tat io.cucumber.java.JavaStepDefinition.execute(JavaStepDefinition.java:29)\r\n\tat io.cucumber.core.runner.CoreStepDefinition.execute(CoreStepDefinition.java:66)\r\n\tat io.cucumber.core.runner.PickleStepDefinitionMatch.runStep(PickleStepDefinitionMatch.java:63)\r\n\tat io.cucumber.core.runner.ExecutionMode$1.execute(ExecutionMode.java:10)\r\n\tat io.cucumber.core.runner.TestStep.executeStep(TestStep.java:85)\r\n\tat io.cucumber.core.runner.TestStep.run(TestStep.java:57)\r\n\tat io.cucumber.core.runner.PickleStepTestStep.run(PickleStepTestStep.java:51)\r\n\tat io.cucumber.core.runner.TestCase.run(TestCase.java:84)\r\n\tat io.cucumber.core.runner.Runner.runPickle(Runner.java:75)\r\n\tat io.cucumber.junit.PickleRunners$NoStepDescriptions.lambda$run$0(PickleRunners.java:151)\r\n\tat io.cucumber.core.runtime.CucumberExecutionContext.lambda$runTestCase$5(CucumberExecutionContext.java:129)\r\n\tat io.cucumber.core.runtime.RethrowingThrowableCollector.executeAndThrow(RethrowingThrowableCollector.java:23)\r\n\tat io.cucumber.core.runtime.CucumberExecutionContext.runTestCase(CucumberExecutionContext.java:129)\r\n\tat io.cucumber.junit.PickleRunners$NoStepDescriptions.run(PickleRunners.java:148)\r\n\tat io.cucumber.junit.FeatureRunner.runChild(FeatureRunner.java:144)\r\n\tat io.cucumber.junit.FeatureRunner.runChild(FeatureRunner.java:28)\r\n\tat org.junit.runners.ParentRunner$3.run(ParentRunner.java:238)\r\n\tat org.junit.runners.ParentRunner$1.schedule(ParentRunner.java:63)\r\n\tat org.junit.runners.ParentRunner.runChildren(ParentRunner.java:236)\r\n\tat org.junit.runners.ParentRunner.access$000(ParentRunner.java:53)\r\n\tat org.junit.runners.ParentRunner$2.evaluate(ParentRunner.java:229)\r\n\tat org.junit.runners.ParentRunner.run(ParentRunner.java:309)\r\n\tat io.cucumber.junit.FeatureRunner.run(FeatureRunner.java:137)\r\n\tat io.cucumber.junit.Cucumber.runChild(Cucumber.java:196)\r\n\tat io.cucumber.junit.Cucumber.runChild(Cucumber.java:89)\r\n\tat org.junit.runners.ParentRunner$3.run(ParentRunner.java:238)\r\n\tat org.junit.runners.ParentRunner$1.schedule(ParentRunner.java:63)\r\n\tat org.junit.runners.ParentRunner.runChildren(ParentRunner.java:236)\r\n\tat org.junit.runners.ParentRunner.access$000(ParentRunner.java:53)\r\n\tat org.junit.runners.ParentRunner$2.evaluate(ParentRunner.java:229)\r\n\tat io.cucumber.junit.Cucumber$RunBeforeAllHooks.evaluate(Cucumber.java:266)\r\n\tat io.cucumber.junit.Cucumber$RunAfterAllHooks.evaluate(Cucumber.java:281)\r\n\tat io.cucumber.junit.Cucumber$StartTestRun.evaluate(Cucumber.java:233)\r\n\tat io.cucumber.junit.Cucumber$FinishTestRun.evaluate(Cucumber.java:248)\r\n\tat org.junit.runners.ParentRunner.run(ParentRunner.java:309)\r\n\tat org.eclipse.jdt.internal.junit4.runner.JUnit4TestReference.run(JUnit4TestReference.java:93)\r\n\tat org.eclipse.jdt.internal.junit.runner.TestExecution.run(TestExecution.java:40)\r\n\tat org.eclipse.jdt.internal.junit.runner.RemoteTestRunner.runTests(RemoteTestRunner.java:529)\r\n\tat org.eclipse.jdt.internal.junit.runner.RemoteTestRunner.runTests(RemoteTestRunner.java:756)\r\n\tat org.eclipse.jdt.internal.junit.runner.RemoteTestRunner.run(RemoteTestRunner.java:452)\r\n\tat org.eclipse.jdt.internal.junit.runner.RemoteTestRunner.main(RemoteTestRunner.java:210)\r\nCaused by: java.lang.NullPointerException: Cannot invoke \"String.length()\" because \"spec\" is null\r\n\tat java.base/java.net.URL.<init>(URL.java:614)\r\n\t... 54 more\r\n"},"stage":"finished","steps":[],"attachments":[],"parameters":[],"start":1655415761070,"stop":1655415761296},{"name":"And  trigger the POST request","status":"skipped","statusDetails":{"known":false,"muted":false,"flaky":false},"stage":"finished","steps":[],"attachments":[],"parameters":[],"start":1655415761298,"stop":1655415761300},{"name":"Then  valid status code received as response","status":"skipped","statusDetails":{"known":false,"muted":false,"flaky":false},"stage":"finished","steps":[],"attachments":[],"parameters":[],"start":1655415761300,"stop":1655415761301}],"attachments":[],"parameters":[],"start":1655415761060,"stop":1655415761306}